This file contains any messages produced by compilers while
running configure, to aid debugging if configure makes a mistake.

It was created by configure, which was
generated by GNU Autoconf 2.69.  Invocation command line was

  $ ./configure 

## --------- ##
## Platform. ##
## --------- ##

hostname = DESKTOP-PA1FLV1
uname -m = x86_64
uname -r = 4.19.128-microsoft-standard
uname -s = Linux
uname -v = #1 SMP Tue Jun 23 12:58:10 UTC 2020

/usr/bin/uname -p = x86_64
/bin/uname -X     = unknown

/bin/arch              = x86_64
/usr/bin/arch -k       = unknown
/usr/convex/getsysinfo = unknown
/usr/bin/hostinfo      = unknown
/bin/machine           = unknown
/usr/bin/oslevel       = unknown
/bin/universe          = unknown

PATH: /home/chicowall/.local/bin
PATH: /home/chicowall/bin
PATH: /home/chicowall/bin
PATH: /usr/local/sbin
PATH: /usr/local/bin
PATH: /usr/sbin
PATH: /usr/bin
PATH: /sbin
PATH: /bin
PATH: /usr/games
PATH: /usr/local/games
PATH: /usr/lib/wsl/lib
PATH: /mnt/c/Python27/
PATH: /mnt/c/Python27/Scripts
PATH: /mnt/d/wallison/Delphi/bin
PATH: /mnt/c/Users/Public/Documents/Embarcadero/Studio/20.0/Bpl
PATH: /mnt/d/wallison/Delphi/bin64
PATH: /mnt/c/Users/Public/Documents/Embarcadero/Studio/20.0/Bpl/Win64
PATH: /mnt/c/Windows/system32
PATH: /mnt/c/Windows
PATH: /mnt/c/Windows/System32/Wbem
PATH: /mnt/c/Windows/System32/WindowsPowerShell/v1.0/
PATH: /mnt/c/Windows/System32/OpenSSH/
PATH: /mnt/c/Program Files/NVIDIA Corporation/NVIDIA NvDLISR
PATH: /mnt/c/Program Files/Git/cmd
PATH: /mnt/c/Program Files (x86)/NVIDIA Corporation/PhysX/Common
PATH: /mnt/c/ProgramData/chocolatey/bin
PATH: /mnt/c/Program Files/Java/jdk1.8.0_211/bin
PATH: /mnt/c/Users/wallison/AppData/Local/Android/Sdk/platform-tools
PATH: /mnt/c/Program Files/Microsoft SQL Server/120/Tools/Binn/
PATH: /mnt/c/Program Files/nodejs/
PATH: /mnt/c/Program Files/Docker/Docker/resources/bin
PATH: /mnt/c/Users/wallison/AppData/Local/Microsoft/WindowsApps
PATH: /mnt/c/Users/wallison/AppData/Local/Programs/Microsoft VS Code/bin
PATH: /mnt/c/Users/wallison/AppData/Local/Google/Cloud SDK/google-cloud-sdk/bin
PATH: /mnt/c/Users/wallison/AppData/Local/Android/Sdk/tools
PATH: /mnt/c/Users/wallison/AppData/Local/Android/Sdk/platform-tools
PATH: /mnt/c/Users/wallison/AppData/Roaming/npm
PATH: /mnt/c/Users/wallison/.dotnet/tools
PATH: /snap/bin
PATH: /home/chicowall/.dotnet/tools


## ----------- ##
## Core tests. ##
## ----------- ##

configure:2226: checking for gcc
configure:2242: found /usr/bin/gcc
configure:2253: result: gcc
configure:2482: checking for C compiler version
configure:2491: gcc --version >&5
gcc (Ubuntu 9.3.0-17ubuntu1~20.04) 9.3.0
Copyright (C) 2019 Free Software Foundation, Inc.
This is free software; see the source for copying conditions.  There is NO
warranty; not even for MERCHANTABILITY or FITNESS FOR A PARTICULAR PURPOSE.

configure:2502: $? = 0
configure:2491: gcc -v >&5
Using built-in specs.
COLLECT_GCC=gcc
COLLECT_LTO_WRAPPER=/usr/lib/gcc/x86_64-linux-gnu/9/lto-wrapper
OFFLOAD_TARGET_NAMES=nvptx-none:hsa
OFFLOAD_TARGET_DEFAULT=1
Target: x86_64-linux-gnu
Configured with: ../src/configure -v --with-pkgversion='Ubuntu 9.3.0-17ubuntu1~20.04' --with-bugurl=file:///usr/share/doc/gcc-9/README.Bugs --enable-languages=c,ada,c++,go,brig,d,fortran,objc,obj-c++,gm2 --prefix=/usr --with-gcc-major-version-only --program-suffix=-9 --program-prefix=x86_64-linux-gnu- --enable-shared --enable-linker-build-id --libexecdir=/usr/lib --without-included-gettext --enable-threads=posix --libdir=/usr/lib --enable-nls --enable-clocale=gnu --enable-libstdcxx-debug --enable-libstdcxx-time=yes --with-default-libstdcxx-abi=new --enable-gnu-unique-object --disable-vtable-verify --enable-plugin --enable-default-pie --with-system-zlib --with-target-system-zlib=auto --enable-objc-gc=auto --enable-multiarch --disable-werror --with-arch-32=i686 --with-abi=m64 --with-multilib-list=m32,m64,mx32 --enable-multilib --with-tune=generic --enable-offload-targets=nvptx-none=/build/gcc-9-HskZEa/gcc-9-9.3.0/debian/tmp-nvptx/usr,hsa --without-cuda-driver --enable-checking=release --build=x86_64-linux-gnu --host=x86_64-linux-gnu --target=x86_64-linux-gnu
Thread model: posix
gcc version 9.3.0 (Ubuntu 9.3.0-17ubuntu1~20.04) 
configure:2502: $? = 0
configure:2491: gcc -V >&5
gcc: error: unrecognized command line option '-V'
gcc: fatal error: no input files
compilation terminated.
configure:2502: $? = 1
configure:2491: gcc -qversion >&5
gcc: error: unrecognized command line option '-qversion'; did you mean '--version'?
gcc: fatal error: no input files
compilation terminated.
configure:2502: $? = 1
configure:2522: checking whether the C compiler works
configure:2544: gcc    conftest.c  >&5
configure:2548: $? = 0
configure:2596: result: yes
configure:2599: checking for C compiler default output file name
configure:2601: result: a.out
configure:2607: checking for suffix of executables
configure:2614: gcc -o conftest    conftest.c  >&5
configure:2618: $? = 0
configure:2640: result: 
configure:2662: checking whether we are cross compiling
configure:2670: gcc -o conftest    conftest.c  >&5
configure:2674: $? = 0
configure:2681: ./conftest
configure:2685: $? = 0
configure:2673: result: no
configure:2678: checking for suffix of object files
configure:2700: gcc -c   conftest.c >&5
configure:2704: $? = 0
configure:2725: result: o
configure:2729: checking whether we are using the GNU C compiler
configure:2748: gcc -c   conftest.c >&5
configure:2748: $? = 0
configure:2757: result: yes
configure:2766: checking whether gcc accepts -g
configure:2786: gcc -c -g  conftest.c >&5
configure:2786: $? = 0
configure:2827: result: yes
configure:2844: checking for gcc option to accept ISO C89
configure:2907: gcc  -c -g -O2  conftest.c >&5
configure:2907: $? = 0
configure:2920: result: none needed
configure:2946: checking how to run the C preprocessor
configure:2977: gcc -E  conftest.c
configure:2977: $? = 0
configure:2991: gcc -E  conftest.c
conftest.c:9:10: fatal error: ac_nonexistent.h: No such file or directory
    9 | #include <ac_nonexistent.h>
      |          ^~~~~~~~~~~~~~~~~~
compilation terminated.
configure:2991: $? = 1
configure: failed program was:
| /* confdefs.h */
| #define PACKAGE_NAME ""
| #define PACKAGE_TARNAME ""
| #define PACKAGE_VERSION ""
| #define PACKAGE_STRING ""
| #define PACKAGE_BUGREPORT ""
| #define PACKAGE_URL ""
| /* end confdefs.h.  */
| #include <ac_nonexistent.h>
configure:3016: result: gcc -E
configure:3036: gcc -E  conftest.c
configure:3036: $? = 0
configure:3050: gcc -E  conftest.c
conftest.c:9:10: fatal error: ac_nonexistent.h: No such file or directory
    9 | #include <ac_nonexistent.h>
      |          ^~~~~~~~~~~~~~~~~~
compilation terminated.
configure:3050: $? = 1
configure: failed program was:
| /* confdefs.h */
| #define PACKAGE_NAME ""
| #define PACKAGE_TARNAME ""
| #define PACKAGE_VERSION ""
| #define PACKAGE_STRING ""
| #define PACKAGE_BUGREPORT ""
| #define PACKAGE_URL ""
| /* end confdefs.h.  */
| #include <ac_nonexistent.h>
configure:3079: checking for grep that handles long lines and -e
configure:3137: result: /usr/bin/grep
configure:3142: checking for egrep
configure:3204: result: /usr/bin/grep -E
configure:3209: checking for ANSI C header files
configure:3229: gcc -c -g -O2  conftest.c >&5
configure:3229: $? = 0
configure:3302: gcc -o conftest -g -O2   conftest.c  >&5
configure:3302: $? = 0
configure:3302: ./conftest
configure:3302: $? = 0
configure:3313: result: yes
configure:3326: checking for sys/types.h
configure:3326: gcc -c -g -O2  conftest.c >&5
configure:3326: $? = 0
configure:3326: result: yes
configure:3326: checking for sys/stat.h
configure:3326: gcc -c -g -O2  conftest.c >&5
configure:3326: $? = 0
configure:3326: result: yes
configure:3326: checking for stdlib.h
configure:3326: gcc -c -g -O2  conftest.c >&5
configure:3326: $? = 0
configure:3326: result: yes
configure:3326: checking for string.h
configure:3326: gcc -c -g -O2  conftest.c >&5
configure:3326: $? = 0
configure:3326: result: yes
configure:3326: checking for memory.h
configure:3326: gcc -c -g -O2  conftest.c >&5
configure:3326: $? = 0
configure:3326: result: yes
configure:3326: checking for strings.h
configure:3326: gcc -c -g -O2  conftest.c >&5
configure:3326: $? = 0
configure:3326: result: yes
configure:3326: checking for inttypes.h
configure:3326: gcc -c -g -O2  conftest.c >&5
configure:3326: $? = 0
configure:3326: result: yes
configure:3326: checking for stdint.h
configure:3326: gcc -c -g -O2  conftest.c >&5
configure:3326: $? = 0
configure:3326: result: yes
configure:3326: checking for unistd.h
configure:3326: gcc -c -g -O2  conftest.c >&5
configure:3326: $? = 0
configure:3326: result: yes
configure:3339: checking minix/config.h usability
configure:3339: gcc -c -g -O2  conftest.c >&5
conftest.c:52:10: fatal error: minix/config.h: No such file or directory
   52 | #include <minix/config.h>
      |          ^~~~~~~~~~~~~~~~
compilation terminated.
configure:3339: $? = 1
configure: failed program was:
| /* confdefs.h */
| #define PACKAGE_NAME ""
| #define PACKAGE_TARNAME ""
| #define PACKAGE_VERSION ""
| #define PACKAGE_STRING ""
| #define PACKAGE_BUGREPORT ""
| #define PACKAGE_URL ""
| #define STDC_HEADERS 1
| #define HAVE_SYS_TYPES_H 1
| #define HAVE_SYS_STAT_H 1
| #define HAVE_STDLIB_H 1
| #define HAVE_STRING_H 1
| #define HAVE_MEMORY_H 1
| #define HAVE_STRINGS_H 1
| #define HAVE_INTTYPES_H 1
| #define HAVE_STDINT_H 1
| #define HAVE_UNISTD_H 1
| /* end confdefs.h.  */
| #include <stdio.h>
| #ifdef HAVE_SYS_TYPES_H
| # include <sys/types.h>
| #endif
| #ifdef HAVE_SYS_STAT_H
| # include <sys/stat.h>
| #endif
| #ifdef STDC_HEADERS
| # include <stdlib.h>
| # include <stddef.h>
| #else
| # ifdef HAVE_STDLIB_H
| #  include <stdlib.h>
| # endif
| #endif
| #ifdef HAVE_STRING_H
| # if !defined STDC_HEADERS && defined HAVE_MEMORY_H
| #  include <memory.h>
| # endif
| # include <string.h>
| #endif
| #ifdef HAVE_STRINGS_H
| # include <strings.h>
| #endif
| #ifdef HAVE_INTTYPES_H
| # include <inttypes.h>
| #endif
| #ifdef HAVE_STDINT_H
| # include <stdint.h>
| #endif
| #ifdef HAVE_UNISTD_H
| # include <unistd.h>
| #endif
| #include <minix/config.h>
configure:3339: result: no
configure:3339: checking minix/config.h presence
configure:3339: gcc -E  conftest.c
conftest.c:19:10: fatal error: minix/config.h: No such file or directory
   19 | #include <minix/config.h>
      |          ^~~~~~~~~~~~~~~~
compilation terminated.
configure:3339: $? = 1
configure: failed program was:
| /* confdefs.h */
| #define PACKAGE_NAME ""
| #define PACKAGE_TARNAME ""
| #define PACKAGE_VERSION ""
| #define PACKAGE_STRING ""
| #define PACKAGE_BUGREPORT ""
| #define PACKAGE_URL ""
| #define STDC_HEADERS 1
| #define HAVE_SYS_TYPES_H 1
| #define HAVE_SYS_STAT_H 1
| #define HAVE_STDLIB_H 1
| #define HAVE_STRING_H 1
| #define HAVE_MEMORY_H 1
| #define HAVE_STRINGS_H 1
| #define HAVE_INTTYPES_H 1
| #define HAVE_STDINT_H 1
| #define HAVE_UNISTD_H 1
| /* end confdefs.h.  */
| #include <minix/config.h>
configure:3339: result: no
configure:3339: checking for minix/config.h
configure:3339: result: no
configure:3360: checking whether it is safe to define __EXTENSIONS__
configure:3378: gcc -c -g -O2  conftest.c >&5
configure:3378: $? = 0
configure:3385: result: yes
configure:3766: checking whether make sets $(MAKE)
configure:3788: result: yes
configure:3845: checking for gcc
configure:3872: result: gcc
configure:4101: checking for C compiler version
configure:4110: gcc --version >&5
gcc (Ubuntu 9.3.0-17ubuntu1~20.04) 9.3.0
Copyright (C) 2019 Free Software Foundation, Inc.
This is free software; see the source for copying conditions.  There is NO
warranty; not even for MERCHANTABILITY or FITNESS FOR A PARTICULAR PURPOSE.

configure:4121: $? = 0
configure:4110: gcc -v >&5
Using built-in specs.
COLLECT_GCC=gcc
COLLECT_LTO_WRAPPER=/usr/lib/gcc/x86_64-linux-gnu/9/lto-wrapper
OFFLOAD_TARGET_NAMES=nvptx-none:hsa
OFFLOAD_TARGET_DEFAULT=1
Target: x86_64-linux-gnu
Configured with: ../src/configure -v --with-pkgversion='Ubuntu 9.3.0-17ubuntu1~20.04' --with-bugurl=file:///usr/share/doc/gcc-9/README.Bugs --enable-languages=c,ada,c++,go,brig,d,fortran,objc,obj-c++,gm2 --prefix=/usr --with-gcc-major-version-only --program-suffix=-9 --program-prefix=x86_64-linux-gnu- --enable-shared --enable-linker-build-id --libexecdir=/usr/lib --without-included-gettext --enable-threads=posix --libdir=/usr/lib --enable-nls --enable-clocale=gnu --enable-libstdcxx-debug --enable-libstdcxx-time=yes --with-default-libstdcxx-abi=new --enable-gnu-unique-object --disable-vtable-verify --enable-plugin --enable-default-pie --with-system-zlib --with-target-system-zlib=auto --enable-objc-gc=auto --enable-multiarch --disable-werror --with-arch-32=i686 --with-abi=m64 --with-multilib-list=m32,m64,mx32 --enable-multilib --with-tune=generic --enable-offload-targets=nvptx-none=/build/gcc-9-HskZEa/gcc-9-9.3.0/debian/tmp-nvptx/usr,hsa --without-cuda-driver --enable-checking=release --build=x86_64-linux-gnu --host=x86_64-linux-gnu --target=x86_64-linux-gnu
Thread model: posix
gcc version 9.3.0 (Ubuntu 9.3.0-17ubuntu1~20.04) 
configure:4121: $? = 0
configure:4110: gcc -V >&5
gcc: error: unrecognized command line option '-V'
gcc: fatal error: no input files
compilation terminated.
configure:4121: $? = 1
configure:4110: gcc -qversion >&5
gcc: error: unrecognized command line option '-qversion'; did you mean '--version'?
gcc: fatal error: no input files
compilation terminated.
configure:4121: $? = 1
configure:4125: checking whether we are using the GNU C compiler
configure:4153: result: yes
configure:4162: checking whether gcc accepts -g
configure:4223: result: yes
configure:4240: checking for gcc option to accept ISO C89
configure:4316: result: none needed
configure:4341: checking how to run the C preprocessor
configure:4411: result: gcc -E
configure:4431: gcc -E  -DMAXCONN=16384 conftest.c
configure:4431: $? = 0
configure:4445: gcc -E  -DMAXCONN=16384 conftest.c
conftest.c:24:10: fatal error: ac_nonexistent.h: No such file or directory
   24 | #include <ac_nonexistent.h>
      |          ^~~~~~~~~~~~~~~~~~
compilation terminated.
configure:4445: $? = 1
configure: failed program was:
| /* confdefs.h */
| #define PACKAGE_NAME ""
| #define PACKAGE_TARNAME ""
| #define PACKAGE_VERSION ""
| #define PACKAGE_STRING ""
| #define PACKAGE_BUGREPORT ""
| #define PACKAGE_URL ""
| #define STDC_HEADERS 1
| #define HAVE_SYS_TYPES_H 1
| #define HAVE_SYS_STAT_H 1
| #define HAVE_STDLIB_H 1
| #define HAVE_STRING_H 1
| #define HAVE_MEMORY_H 1
| #define HAVE_STRINGS_H 1
| #define HAVE_INTTYPES_H 1
| #define HAVE_STDINT_H 1
| #define HAVE_UNISTD_H 1
| #define __EXTENSIONS__ 1
| #define _ALL_SOURCE 1
| #define _GNU_SOURCE 1
| #define _POSIX_PTHREAD_SEMANTICS 1
| #define _TANDEM_SOURCE 1
| /* end confdefs.h.  */
| #include <ac_nonexistent.h>
configure:4475: checking for ar
configure:4493: found /usr/bin/ar
configure:4505: result: /usr/bin/ar
configure:4525: checking whether byte ordering is bigendian
configure:4540: gcc -c -g -O2 -pipe -ffast-math -Wall  -DMAXCONN=16384 -I../common conftest.c >&5
conftest.c:25:9: error: unknown type name 'not'
   25 |         not a universal capable compiler
      |         ^~~
conftest.c:25:15: error: expected '=', ',', ';', 'asm' or '__attribute__' before 'universal'
   25 |         not a universal capable compiler
      |               ^~~~~~~~~
conftest.c:25:15: error: unknown type name 'universal'
configure:4540: $? = 1
configure: failed program was:
| /* confdefs.h */
| #define PACKAGE_NAME ""
| #define PACKAGE_TARNAME ""
| #define PACKAGE_VERSION ""
| #define PACKAGE_STRING ""
| #define PACKAGE_BUGREPORT ""
| #define PACKAGE_URL ""
| #define STDC_HEADERS 1
| #define HAVE_SYS_TYPES_H 1
| #define HAVE_SYS_STAT_H 1
| #define HAVE_STDLIB_H 1
| #define HAVE_STRING_H 1
| #define HAVE_MEMORY_H 1
| #define HAVE_STRINGS_H 1
| #define HAVE_INTTYPES_H 1
| #define HAVE_STDINT_H 1
| #define HAVE_UNISTD_H 1
| #define __EXTENSIONS__ 1
| #define _ALL_SOURCE 1
| #define _GNU_SOURCE 1
| #define _POSIX_PTHREAD_SEMANTICS 1
| #define _TANDEM_SOURCE 1
| /* end confdefs.h.  */
| #ifndef __APPLE_CC__
| 	       not a universal capable compiler
| 	     #endif
| 	     typedef int dummy;
| 
configure:4585: gcc -c -g -O2 -pipe -ffast-math -Wall  -DMAXCONN=16384 -I../common conftest.c >&5
configure:4585: $? = 0
configure:4603: gcc -c -g -O2 -pipe -ffast-math -Wall  -DMAXCONN=16384 -I../common conftest.c >&5
conftest.c: In function 'main':
conftest.c:31:4: error: unknown type name 'not'; did you mean 'ino_t'?
   31 |    not big endian
      |    ^~~
      |    ino_t
conftest.c:31:12: error: expected '=', ',', ';', 'asm' or '__attribute__' before 'endian'
   31 |    not big endian
      |            ^~~~~~
configure:4603: $? = 1
configure: failed program was:
| /* confdefs.h */
| #define PACKAGE_NAME ""
| #define PACKAGE_TARNAME ""
| #define PACKAGE_VERSION ""
| #define PACKAGE_STRING ""
| #define PACKAGE_BUGREPORT ""
| #define PACKAGE_URL ""
| #define STDC_HEADERS 1
| #define HAVE_SYS_TYPES_H 1
| #define HAVE_SYS_STAT_H 1
| #define HAVE_STDLIB_H 1
| #define HAVE_STRING_H 1
| #define HAVE_MEMORY_H 1
| #define HAVE_STRINGS_H 1
| #define HAVE_INTTYPES_H 1
| #define HAVE_STDINT_H 1
| #define HAVE_UNISTD_H 1
| #define __EXTENSIONS__ 1
| #define _ALL_SOURCE 1
| #define _GNU_SOURCE 1
| #define _POSIX_PTHREAD_SEMANTICS 1
| #define _TANDEM_SOURCE 1
| /* end confdefs.h.  */
| #include <sys/types.h>
| 		#include <sys/param.h>
| 
| int
| main ()
| {
| #if BYTE_ORDER != BIG_ENDIAN
| 		 not big endian
| 		#endif
| 
|   ;
|   return 0;
| }
configure:4731: result: no
configure:4800: checking whether gcc produces 32bit code
configure:4818: gcc -o conftest -g -O2 -pipe -ffast-math -Wall  -DMAXCONN=16384 -I../common  conftest.c  >&5
configure:4818: $? = 0
configure:4818: ./conftest
configure:4818: $? = 1
configure: program exited with status 1
configure: failed program was:
| /* confdefs.h */
| #define PACKAGE_NAME ""
| #define PACKAGE_TARNAME ""
| #define PACKAGE_VERSION ""
| #define PACKAGE_STRING ""
| #define PACKAGE_BUGREPORT ""
| #define PACKAGE_URL ""
| #define STDC_HEADERS 1
| #define HAVE_SYS_TYPES_H 1
| #define HAVE_SYS_STAT_H 1
| #define HAVE_STDLIB_H 1
| #define HAVE_STRING_H 1
| #define HAVE_MEMORY_H 1
| #define HAVE_STRINGS_H 1
| #define HAVE_INTTYPES_H 1
| #define HAVE_STDINT_H 1
| #define HAVE_UNISTD_H 1
| #define __EXTENSIONS__ 1
| #define _ALL_SOURCE 1
| #define _GNU_SOURCE 1
| #define _POSIX_PTHREAD_SEMANTICS 1
| #define _TANDEM_SOURCE 1
| /* end confdefs.h.  */
| 
| 		int main(int argc, char **argv){
| 			if(sizeof(void*) == 4) return 0;
| 			else return 1;
| 		}
| 
configure:4863: result: no
configure:4877: checking whether gcc supports __thread specifier (TLS)
configure:4896: gcc -o conftest -g -O2 -pipe -ffast-math -Wall  -DMAXCONN=16384 -I../common  conftest.c  >&5
configure:4896: $? = 0
configure:4896: ./conftest
configure:4896: $? = 0
configure:4898: result: yes
configure:4925: checking whether gcc supports -flto
configure:4942: gcc -o conftest -g -O2 -pipe -ffast-math -Wall -flto  -DMAXCONN=16384 -I../common -DHAS_TLS  -flto conftest.c  >&5
configure:4942: $? = 0
configure:4942: ./conftest
configure:4942: $? = 0
configure:4944: result: yes
configure:4967: checking whether gcc supports -Wno-unused-parameter
configure:4975: gcc -c -g -O2 -pipe -ffast-math -Wall -flto -Werror -Wno-unused-parameter  -DMAXCONN=16384 -I../common -DHAS_TLS conftest.c >&5
configure:4975: $? = 0
configure:4985: gcc -c -g -O2 -pipe -ffast-math -Wall -flto -Werror -Wunused-parameter  -DMAXCONN=16384 -I../common -DHAS_TLS conftest.c >&5
configure:4985: $? = 0
configure:4987: result: yes
configure:4992: checking whether gcc can actually use -Wno-unused-parameter
configure:4999: gcc -c -g -O2 -pipe -ffast-math -Wall -flto -Werror -Wunused-parameter  -DMAXCONN=16384 -I../common -DHAS_TLS conftest.c >&5
conftest.c: In function 'foo':
conftest.c:24:13: error: unused parameter 'bar' [-Werror=unused-parameter]
   24 | int foo(int bar) { return 0; }
      |         ~~~~^~~
cc1: all warnings being treated as errors
configure:4999: $? = 1
configure: failed program was:
| /* confdefs.h */
| #define PACKAGE_NAME ""
| #define PACKAGE_TARNAME ""
| #define PACKAGE_VERSION ""
| #define PACKAGE_STRING ""
| #define PACKAGE_BUGREPORT ""
| #define PACKAGE_URL ""
| #define STDC_HEADERS 1
| #define HAVE_SYS_TYPES_H 1
| #define HAVE_SYS_STAT_H 1
| #define HAVE_STDLIB_H 1
| #define HAVE_STRING_H 1
| #define HAVE_MEMORY_H 1
| #define HAVE_STRINGS_H 1
| #define HAVE_INTTYPES_H 1
| #define HAVE_STDINT_H 1
| #define HAVE_UNISTD_H 1
| #define __EXTENSIONS__ 1
| #define _ALL_SOURCE 1
| #define _GNU_SOURCE 1
| #define _POSIX_PTHREAD_SEMANTICS 1
| #define _TANDEM_SOURCE 1
| /* end confdefs.h.  */
| int foo(int bar) { return 0; }
configure:5012: gcc -c -g -O2 -pipe -ffast-math -Wall -flto -Werror -Wno-unused-parameter  -DMAXCONN=16384 -I../common -DHAS_TLS conftest.c >&5
configure:5012: $? = 0
configure:5014: result: yes
configure:5055: checking whether gcc supports -Wno-maybe-uninitialized
configure:5063: gcc -c -g -O2 -pipe -ffast-math -Wall -flto -Wno-unused-parameter -Werror -Wno-maybe-uninitialized  -DMAXCONN=16384 -I../common -DHAS_TLS conftest.c >&5
configure:5063: $? = 0
configure:5073: gcc -c -g -O2 -pipe -ffast-math -Wall -flto -Wno-unused-parameter -Werror -Wmaybe-uninitialized  -DMAXCONN=16384 -I../common -DHAS_TLS conftest.c >&5
configure:5073: $? = 0
configure:5075: result: yes
configure:5143: checking whether gcc supports -Wno-clobbered
configure:5151: gcc -c -g -O2 -pipe -ffast-math -Wall -flto -Wno-unused-parameter -Wno-maybe-uninitialized -Werror -Wno-clobbered  -DMAXCONN=16384 -I../common -DHAS_TLS conftest.c >&5
configure:5151: $? = 0
configure:5161: gcc -c -g -O2 -pipe -ffast-math -Wall -flto -Wno-unused-parameter -Wno-maybe-uninitialized -Werror -Wclobbered  -DMAXCONN=16384 -I../common -DHAS_TLS conftest.c >&5
configure:5161: $? = 0
configure:5163: result: yes
configure:5231: checking whether gcc supports -Wempty-body
configure:5239: gcc -c -g -O2 -pipe -ffast-math -Wall -flto -Wno-unused-parameter -Wno-maybe-uninitialized -Wno-clobbered -Werror -Wempty-body  -DMAXCONN=16384 -I../common -DHAS_TLS conftest.c >&5
configure:5239: $? = 0
configure:5241: result: yes
configure:5280: checking whether gcc supports -Wnewline-eof
configure:5288: gcc -c -g -O2 -pipe -ffast-math -Wall -flto -Wno-unused-parameter -Wno-maybe-uninitialized -Wno-clobbered -Wempty-body -Werror -Wnewline-eof  -DMAXCONN=16384 -I../common -DHAS_TLS conftest.c >&5
gcc: error: unrecognized command line option '-Wnewline-eof'
configure:5288: $? = 1
configure: failed program was:
| /* confdefs.h */
| #define PACKAGE_NAME ""
| #define PACKAGE_TARNAME ""
| #define PACKAGE_VERSION ""
| #define PACKAGE_STRING ""
| #define PACKAGE_BUGREPORT ""
| #define PACKAGE_URL ""
| #define STDC_HEADERS 1
| #define HAVE_SYS_TYPES_H 1
| #define HAVE_SYS_STAT_H 1
| #define HAVE_STDLIB_H 1
| #define HAVE_STRING_H 1
| #define HAVE_MEMORY_H 1
| #define HAVE_STRINGS_H 1
| #define HAVE_INTTYPES_H 1
| #define HAVE_STDINT_H 1
| #define HAVE_UNISTD_H 1
| #define __EXTENSIONS__ 1
| #define _ALL_SOURCE 1
| #define _GNU_SOURCE 1
| #define _POSIX_PTHREAD_SEMANTICS 1
| #define _TANDEM_SOURCE 1
| /* end confdefs.h.  */
| int foo;
configure:5319: result: no
configure:5329: checking whether gcc supports -Wint-conversion
configure:5337: gcc -c -g -O2 -pipe -ffast-math -Wall -flto -Wno-unused-parameter -Wno-maybe-uninitialized -Wno-clobbered -Wempty-body -Werror -Wint-conversion  -DMAXCONN=16384 -I../common -DHAS_TLS conftest.c >&5
configure:5337: $? = 0
configure:5339: result: yes
configure:5378: checking whether gcc supports -Wenum-conversion
configure:5386: gcc -c -g -O2 -pipe -ffast-math -Wall -flto -Wno-unused-parameter -Wno-maybe-uninitialized -Wno-clobbered -Wempty-body -Wint-conversion -Werror -Wenum-conversion  -DMAXCONN=16384 -I../common -DHAS_TLS conftest.c >&5
gcc: error: unrecognized command line option '-Wenum-conversion'; did you mean '-Wno-conversion'?
configure:5386: $? = 1
configure: failed program was:
| /* confdefs.h */
| #define PACKAGE_NAME ""
| #define PACKAGE_TARNAME ""
| #define PACKAGE_VERSION ""
| #define PACKAGE_STRING ""
| #define PACKAGE_BUGREPORT ""
| #define PACKAGE_URL ""
| #define STDC_HEADERS 1
| #define HAVE_SYS_TYPES_H 1
| #define HAVE_SYS_STAT_H 1
| #define HAVE_STDLIB_H 1
| #define HAVE_STRING_H 1
| #define HAVE_MEMORY_H 1
| #define HAVE_STRINGS_H 1
| #define HAVE_INTTYPES_H 1
| #define HAVE_STDINT_H 1
| #define HAVE_UNISTD_H 1
| #define __EXTENSIONS__ 1
| #define _ALL_SOURCE 1
| #define _GNU_SOURCE 1
| #define _POSIX_PTHREAD_SEMANTICS 1
| #define _TANDEM_SOURCE 1
| /* end confdefs.h.  */
| int foo;
configure:5417: result: no
configure:5427: checking whether gcc supports -Wshorten-64-to-32
configure:5435: gcc -c -g -O2 -pipe -ffast-math -Wall -flto -Wno-unused-parameter -Wno-maybe-uninitialized -Wno-clobbered -Wempty-body -Wint-conversion -Werror -Wshorten-64-to-32  -DMAXCONN=16384 -I../common -DHAS_TLS conftest.c >&5
gcc: error: unrecognized command line option '-Wshorten-64-to-32'
configure:5435: $? = 1
configure: failed program was:
| /* confdefs.h */
| #define PACKAGE_NAME ""
| #define PACKAGE_TARNAME ""
| #define PACKAGE_VERSION ""
| #define PACKAGE_STRING ""
| #define PACKAGE_BUGREPORT ""
| #define PACKAGE_URL ""
| #define STDC_HEADERS 1
| #define HAVE_SYS_TYPES_H 1
| #define HAVE_SYS_STAT_H 1
| #define HAVE_STDLIB_H 1
| #define HAVE_STRING_H 1
| #define HAVE_MEMORY_H 1
| #define HAVE_STRINGS_H 1
| #define HAVE_INTTYPES_H 1
| #define HAVE_STDINT_H 1
| #define HAVE_UNISTD_H 1
| #define __EXTENSIONS__ 1
| #define _ALL_SOURCE 1
| #define _GNU_SOURCE 1
| #define _POSIX_PTHREAD_SEMANTICS 1
| #define _TANDEM_SOURCE 1
| /* end confdefs.h.  */
| int foo;
configure:5466: result: no
configure:5476: checking whether gcc supports -Wconstant-conversion
configure:5484: gcc -c -g -O2 -pipe -ffast-math -Wall -flto -Wno-unused-parameter -Wno-maybe-uninitialized -Wno-clobbered -Wempty-body -Wint-conversion -Werror -Wconstant-conversion  -DMAXCONN=16384 -I../common -DHAS_TLS conftest.c >&5
gcc: error: unrecognized command line option '-Wconstant-conversion'; did you mean '-Wno-int-conversion'?
configure:5484: $? = 1
configure: failed program was:
| /* confdefs.h */
| #define PACKAGE_NAME ""
| #define PACKAGE_TARNAME ""
| #define PACKAGE_VERSION ""
| #define PACKAGE_STRING ""
| #define PACKAGE_BUGREPORT ""
| #define PACKAGE_URL ""
| #define STDC_HEADERS 1
| #define HAVE_SYS_TYPES_H 1
| #define HAVE_SYS_STAT_H 1
| #define HAVE_STDLIB_H 1
| #define HAVE_STRING_H 1
| #define HAVE_MEMORY_H 1
| #define HAVE_STRINGS_H 1
| #define HAVE_INTTYPES_H 1
| #define HAVE_STDINT_H 1
| #define HAVE_UNISTD_H 1
| #define __EXTENSIONS__ 1
| #define _ALL_SOURCE 1
| #define _GNU_SOURCE 1
| #define _POSIX_PTHREAD_SEMANTICS 1
| #define _TANDEM_SOURCE 1
| /* end confdefs.h.  */
| int foo;
configure:5515: result: no
configure:5525: checking whether gcc supports -Wbool-conversion
configure:5533: gcc -c -g -O2 -pipe -ffast-math -Wall -flto -Wno-unused-parameter -Wno-maybe-uninitialized -Wno-clobbered -Wempty-body -Wint-conversion -Werror -Wbool-conversion  -DMAXCONN=16384 -I../common -DHAS_TLS conftest.c >&5
gcc: error: unrecognized command line option '-Wbool-conversion'; did you mean '-Wno-conversion'?
configure:5533: $? = 1
configure: failed program was:
| /* confdefs.h */
| #define PACKAGE_NAME ""
| #define PACKAGE_TARNAME ""
| #define PACKAGE_VERSION ""
| #define PACKAGE_STRING ""
| #define PACKAGE_BUGREPORT ""
| #define PACKAGE_URL ""
| #define STDC_HEADERS 1
| #define HAVE_SYS_TYPES_H 1
| #define HAVE_SYS_STAT_H 1
| #define HAVE_STDLIB_H 1
| #define HAVE_STRING_H 1
| #define HAVE_MEMORY_H 1
| #define HAVE_STRINGS_H 1
| #define HAVE_INTTYPES_H 1
| #define HAVE_STDINT_H 1
| #define HAVE_UNISTD_H 1
| #define __EXTENSIONS__ 1
| #define _ALL_SOURCE 1
| #define _GNU_SOURCE 1
| #define _POSIX_PTHREAD_SEMANTICS 1
| #define _TANDEM_SOURCE 1
| /* end confdefs.h.  */
| int foo;
configure:5564: result: no
configure:5574: checking whether gcc supports -Wno-switch
configure:5582: gcc -c -g -O2 -pipe -ffast-math -Wall -flto -Wno-unused-parameter -Wno-maybe-uninitialized -Wno-clobbered -Wempty-body -Wint-conversion -Werror -Wno-switch  -DMAXCONN=16384 -I../common -DHAS_TLS conftest.c >&5
configure:5582: $? = 0
configure:5592: gcc -c -g -O2 -pipe -ffast-math -Wall -flto -Wno-unused-parameter -Wno-maybe-uninitialized -Wno-clobbered -Wempty-body -Wint-conversion -Werror -Wswitch  -DMAXCONN=16384 -I../common -DHAS_TLS conftest.c >&5
configure:5592: $? = 0
configure:5594: result: yes
configure:5662: checking whether gcc supports -Wno-missing-field-initializers
configure:5670: gcc -c -g -O2 -pipe -ffast-math -Wall -flto -Wno-unused-parameter -Wno-maybe-uninitialized -Wno-clobbered -Wempty-body -Wint-conversion -Wno-switch -Werror -Wno-missing-field-initializers  -DMAXCONN=16384 -I../common -DHAS_TLS conftest.c >&5
configure:5670: $? = 0
configure:5680: gcc -c -g -O2 -pipe -ffast-math -Wall -flto -Wno-unused-parameter -Wno-maybe-uninitialized -Wno-clobbered -Wempty-body -Wint-conversion -Wno-switch -Werror -Wmissing-field-initializers  -DMAXCONN=16384 -I../common -DHAS_TLS conftest.c >&5
configure:5680: $? = 0
configure:5682: result: yes
configure:5755: checking whether gcc supports -Wshadow
configure:5763: gcc -c -g -O2 -pipe -ffast-math -Wall -flto -Wno-unused-parameter -Wno-maybe-uninitialized -Wno-clobbered -Wempty-body -Wint-conversion -Wno-switch -Wno-missing-field-initializers -Werror -Wshadow  -DMAXCONN=16384 -I../common -DHAS_TLS conftest.c >&5
configure:5763: $? = 0
configure:5765: result: yes
configure:5804: checking whether gcc can efficiently use -Wshadow
configure:5820: gcc -c -g -O2 -pipe -ffast-math -Wall -flto -Wno-unused-parameter -Wno-maybe-uninitialized -Wno-clobbered -Wempty-body -Wint-conversion -Wno-switch -Wno-missing-field-initializers -Wshadow -Werror -Wshadow  -DMAXCONN=16384 -I../common -DHAS_TLS conftest.c >&5
configure:5820: $? = 0
configure:5822: result: yes
configure:5837: checking whether gcc supports -fPIC
configure:5845: gcc -c -g -O2 -pipe -ffast-math -Wall -flto -Wno-unused-parameter -Wno-maybe-uninitialized -Wno-clobbered -Wempty-body -Wint-conversion -Wno-switch -Wno-missing-field-initializers -Wshadow -fPIC  -DMAXCONN=16384 -I../common -DHAS_TLS conftest.c >&5
configure:5845: $? = 0
configure:5847: result: yes
configure:5865: checking how to make shared objects
configure:5886: gcc -o conftest -g -O2 -pipe -ffast-math -Wall -flto -Wno-unused-parameter -Wno-maybe-uninitialized -Wno-clobbered -Wempty-body -Wint-conversion -Wno-switch -Wno-missing-field-initializers -Wshadow -fPIC -shared  -DMAXCONN=16384 -I../common -DHAS_TLS  -flto conftest.c  >&5
configure:5886: $? = 0
configure:5908: gcc -o conftest -g -O2 -pipe -ffast-math -Wall -flto -Wno-unused-parameter -Wno-maybe-uninitialized -Wno-clobbered -Wempty-body -Wint-conversion -Wno-switch -Wno-missing-field-initializers -Wshadow -fPIC -nostart  -DMAXCONN=16384 -I../common -DHAS_TLS  -flto conftest.c  >&5
gcc: error: unrecognized command line option '-nostart'
configure:5908: $? = 1
configure: failed program was:
| /* confdefs.h */
| #define PACKAGE_NAME ""
| #define PACKAGE_TARNAME ""
| #define PACKAGE_VERSION ""
| #define PACKAGE_STRING ""
| #define PACKAGE_BUGREPORT ""
| #define PACKAGE_URL ""
| #define STDC_HEADERS 1
| #define HAVE_SYS_TYPES_H 1
| #define HAVE_SYS_STAT_H 1
| #define HAVE_STDLIB_H 1
| #define HAVE_STRING_H 1
| #define HAVE_MEMORY_H 1
| #define HAVE_STRINGS_H 1
| #define HAVE_INTTYPES_H 1
| #define HAVE_STDINT_H 1
| #define HAVE_UNISTD_H 1
| #define __EXTENSIONS__ 1
| #define _ALL_SOURCE 1
| #define _GNU_SOURCE 1
| #define _POSIX_PTHREAD_SEMANTICS 1
| #define _TANDEM_SOURCE 1
| /* end confdefs.h.  */
| 
| 		int bar = 0;
| 
| 		int foo(void)
| 		{
| 			return bar;
| 		}
| 
configure:5925: result: -shared yes
configure:5934: checking whether gcc needs -Wl,--no-undefined to check for undefined references in shared objects
configure:5946: gcc -o conftest  -shared  -DMAXCONN=16384 -I../common -DHAS_TLS  -flto conftest.c  >&5
conftest.c: In function 'foo':
conftest.c:26:5: warning: implicit declaration of function 'foobar' [-Wimplicit-function-declaration]
   26 |     foobar();
      |     ^~~~~~
configure:5946: $? = 0
configure:5959: gcc -o conftest  -shared -Wl,--no-undefined  -DMAXCONN=16384 -I../common -DHAS_TLS  -flto conftest.c  >&5
configure:5959: $? = 0
configure:5961: result: yes
configure:5990: checking whether gcc needs -fPIC for shared objects
configure:6006: gcc -o conftest -g -O2 -pipe -ffast-math -Wall -flto -Wno-unused-parameter -Wno-maybe-uninitialized -Wno-clobbered -Wempty-body -Wint-conversion -Wno-switch -Wno-missing-field-initializers -Wshadow  -shared -Wl,--no-undefined  -DMAXCONN=16384 -I../common -DHAS_TLS  -flto conftest.c  >&5
configure:6006: $? = 0
configure:6008: result: no
configure:6066: checking whether gcc supports -fno-strict-aliasing
configure:6074: gcc -c -g -O2 -pipe -ffast-math -Wall -flto -Wno-unused-parameter -Wno-maybe-uninitialized -Wno-clobbered -Wempty-body -Wint-conversion -Wno-switch -Wno-missing-field-initializers -Wshadow -fno-strict-aliasing  -DMAXCONN=16384 -I../common -DHAS_TLS conftest.c >&5
configure:6074: $? = 0
configure:6075: result: yes
configure:6096: checking for setrlimit
configure:6096: gcc -o conftest -g -O2 -pipe -ffast-math -Wall -flto -Wno-unused-parameter -Wno-maybe-uninitialized -Wno-clobbered -Wempty-body -Wint-conversion -Wno-switch -Wno-missing-field-initializers -Wshadow -fno-strict-aliasing  -DMAXCONN=16384 -I../common -DHAS_TLS  -flto conftest.c  >&5
configure:6096: $? = 0
configure:6096: result: yes
configure:6106: checking for strnlen
configure:6106: gcc -o conftest -g -O2 -pipe -ffast-math -Wall -flto -Wno-unused-parameter -Wno-maybe-uninitialized -Wno-clobbered -Wempty-body -Wint-conversion -Wno-switch -Wno-missing-field-initializers -Wshadow -fno-strict-aliasing  -DMAXCONN=16384 -I../common -DHAS_TLS -DHAVE_SETRLIMIT  -flto conftest.c  >&5
conftest.c:47:6: warning: conflicting types for built-in function 'strnlen'; expected 'long unsigned int(const char *, long unsigned int)' [-Wbuiltin-declaration-mismatch]
   47 | char strnlen ();
      |      ^~~~~~~
configure:6106: $? = 0
configure:6106: result: yes
configure:6115: checking for uselocale
configure:6115: gcc -o conftest -g -O2 -pipe -ffast-math -Wall -flto -Wno-unused-parameter -Wno-maybe-uninitialized -Wno-clobbered -Wempty-body -Wint-conversion -Wno-switch -Wno-missing-field-initializers -Wshadow -fno-strict-aliasing  -DMAXCONN=16384 -I../common -DHAS_TLS -DHAVE_SETRLIMIT -DHAVE_STRNLEN  -flto conftest.c  >&5
configure:6115: $? = 0
configure:6115: result: yes
configure:6126: checking for newlocale
configure:6126: gcc -o conftest -g -O2 -pipe -ffast-math -Wall -flto -Wno-unused-parameter -Wno-maybe-uninitialized -Wno-clobbered -Wempty-body -Wint-conversion -Wno-switch -Wno-missing-field-initializers -Wshadow -fno-strict-aliasing  -DMAXCONN=16384 -I../common -DHAS_TLS -DHAVE_SETRLIMIT -DHAVE_STRNLEN  -flto conftest.c  >&5
configure:6126: $? = 0
configure:6126: result: yes
configure:6137: checking for freelocale
configure:6137: gcc -o conftest -g -O2 -pipe -ffast-math -Wall -flto -Wno-unused-parameter -Wno-maybe-uninitialized -Wno-clobbered -Wempty-body -Wint-conversion -Wno-switch -Wno-missing-field-initializers -Wshadow -fno-strict-aliasing  -DMAXCONN=16384 -I../common -DHAS_TLS -DHAVE_SETRLIMIT -DHAVE_STRNLEN  -flto conftest.c  >&5
configure:6137: $? = 0
configure:6137: result: yes
configure:6148: checking for xlocale.h
configure:6148: gcc -c -g -O2 -pipe -ffast-math -Wall -flto -Wno-unused-parameter -Wno-maybe-uninitialized -Wno-clobbered -Wempty-body -Wint-conversion -Wno-switch -Wno-missing-field-initializers -Wshadow -fno-strict-aliasing  -DMAXCONN=16384 -I../common -DHAS_TLS -DHAVE_SETRLIMIT -DHAVE_STRNLEN conftest.c >&5
conftest.c:33:10: fatal error: xlocale.h: No such file or directory
   33 | #include <xlocale.h>
      |          ^~~~~~~~~~~
compilation terminated.
configure:6148: $? = 1
configure: failed program was:
| /* confdefs.h */
| #define PACKAGE_NAME ""
| #define PACKAGE_TARNAME ""
| #define PACKAGE_VERSION ""
| #define PACKAGE_STRING ""
| #define PACKAGE_BUGREPORT ""
| #define PACKAGE_URL ""
| #define STDC_HEADERS 1
| #define HAVE_SYS_TYPES_H 1
| #define HAVE_SYS_STAT_H 1
| #define HAVE_STDLIB_H 1
| #define HAVE_STRING_H 1
| #define HAVE_MEMORY_H 1
| #define HAVE_STRINGS_H 1
| #define HAVE_INTTYPES_H 1
| #define HAVE_STDINT_H 1
| #define HAVE_UNISTD_H 1
| #define __EXTENSIONS__ 1
| #define _ALL_SOURCE 1
| #define _GNU_SOURCE 1
| #define _POSIX_PTHREAD_SEMANTICS 1
| #define _TANDEM_SOURCE 1
| #define HAVE_USELOCALE 1
| #define HAVE_NEWLOCALE 1
| #define HAVE_FREELOCALE 1
| /* end confdefs.h.  */
| 
| #ifdef HAVE_XLOCALE_H
|      # include <xlocale.h>
|      #endif
| 
| 
| #include <xlocale.h>
configure:6148: result: no
configure:6325: checking for library containing inflateEnd
configure:6356: gcc -o conftest -g -O2 -pipe -ffast-math -Wall -flto -Wno-unused-parameter -Wno-maybe-uninitialized -Wno-clobbered -Wempty-body -Wint-conversion -Wno-switch -Wno-missing-field-initializers -Wshadow -fno-strict-aliasing  -DMAXCONN=16384 -I../common -DHAS_TLS -DHAVE_SETRLIMIT -DHAVE_STRNLEN  -I/usr/include  -flto -L/usr/lib conftest.c  >&5
/usr/bin/ld: /tmp/conftest.Mcby91.ltrans0.ltrans.o: in function `main':
/mnt/c/Users/wallison/Saved Games/iniciando/Serve-Cliente/RoBrowserServeDockerCompose/serve/emulador/conftest.c:38: undefined reference to `inflateEnd'
collect2: error: ld returned 1 exit status
configure:6356: $? = 1
configure: failed program was:
| /* confdefs.h */
| #define PACKAGE_NAME ""
| #define PACKAGE_TARNAME ""
| #define PACKAGE_VERSION ""
| #define PACKAGE_STRING ""
| #define PACKAGE_BUGREPORT ""
| #define PACKAGE_URL ""
| #define STDC_HEADERS 1
| #define HAVE_SYS_TYPES_H 1
| #define HAVE_SYS_STAT_H 1
| #define HAVE_STDLIB_H 1
| #define HAVE_STRING_H 1
| #define HAVE_MEMORY_H 1
| #define HAVE_STRINGS_H 1
| #define HAVE_INTTYPES_H 1
| #define HAVE_STDINT_H 1
| #define HAVE_UNISTD_H 1
| #define __EXTENSIONS__ 1
| #define _ALL_SOURCE 1
| #define _GNU_SOURCE 1
| #define _POSIX_PTHREAD_SEMANTICS 1
| #define _TANDEM_SOURCE 1
| #define HAVE_USELOCALE 1
| #define HAVE_NEWLOCALE 1
| #define HAVE_FREELOCALE 1
| /* end confdefs.h.  */
| 
| /* Override any GCC internal prototype to avoid an error.
|    Use char because int might match the return type of a GCC
|    builtin and then its argument prototype would still apply.  */
| #ifdef __cplusplus
| extern "C"
| #endif
| char inflateEnd ();
| int
| main ()
| {
| return inflateEnd ();
|   ;
|   return 0;
| }
configure:6356: gcc -o conftest -g -O2 -pipe -ffast-math -Wall -flto -Wno-unused-parameter -Wno-maybe-uninitialized -Wno-clobbered -Wempty-body -Wint-conversion -Wno-switch -Wno-missing-field-initializers -Wshadow -fno-strict-aliasing  -DMAXCONN=16384 -I../common -DHAS_TLS -DHAVE_SETRLIMIT -DHAVE_STRNLEN  -I/usr/include  -flto -L/usr/lib conftest.c -lz   >&5
configure:6356: $? = 0
configure:6373: result: -lz
configure:6383: checking for zlib.h
configure:6383: gcc -c -g -O2 -pipe -ffast-math -Wall -flto -Wno-unused-parameter -Wno-maybe-uninitialized -Wno-clobbered -Wempty-body -Wint-conversion -Wno-switch -Wno-missing-field-initializers -Wshadow -fno-strict-aliasing  -DMAXCONN=16384 -I../common -DHAS_TLS -DHAVE_SETRLIMIT -DHAVE_STRNLEN  -I/usr/include conftest.c >&5
configure:6383: $? = 0
configure:6383: result: yes
configure:6400: checking for library containing sqrt
configure:6431: gcc -o conftest -g -O2 -pipe -ffast-math -Wall -flto -Wno-unused-parameter -Wno-maybe-uninitialized -Wno-clobbered -Wempty-body -Wint-conversion -Wno-switch -Wno-missing-field-initializers -Wshadow -fno-strict-aliasing  -DMAXCONN=16384 -I../common -DHAS_TLS -DHAVE_SETRLIMIT -DHAVE_STRNLEN  -I/usr/include  -flto -L/usr/lib conftest.c -lz  >&5
conftest.c:34:6: warning: conflicting types for built-in function 'sqrt'; expected 'double(double)' [-Wbuiltin-declaration-mismatch]
   34 | char sqrt ();
      |      ^~~~
conftest.c:1:1: note: 'sqrt' is declared in header '<math.h>'
    1 | /* confdefs.h */
/usr/bin/ld: /tmp/conftest.e59Kdk.ltrans0.ltrans.o: in function `main':
/mnt/c/Users/wallison/Saved Games/iniciando/Serve-Cliente/RoBrowserServeDockerCompose/serve/emulador/conftest.c:38: undefined reference to `sqrt'
collect2: error: ld returned 1 exit status
configure:6431: $? = 1
configure: failed program was:
| /* confdefs.h */
| #define PACKAGE_NAME ""
| #define PACKAGE_TARNAME ""
| #define PACKAGE_VERSION ""
| #define PACKAGE_STRING ""
| #define PACKAGE_BUGREPORT ""
| #define PACKAGE_URL ""
| #define STDC_HEADERS 1
| #define HAVE_SYS_TYPES_H 1
| #define HAVE_SYS_STAT_H 1
| #define HAVE_STDLIB_H 1
| #define HAVE_STRING_H 1
| #define HAVE_MEMORY_H 1
| #define HAVE_STRINGS_H 1
| #define HAVE_INTTYPES_H 1
| #define HAVE_STDINT_H 1
| #define HAVE_UNISTD_H 1
| #define __EXTENSIONS__ 1
| #define _ALL_SOURCE 1
| #define _GNU_SOURCE 1
| #define _POSIX_PTHREAD_SEMANTICS 1
| #define _TANDEM_SOURCE 1
| #define HAVE_USELOCALE 1
| #define HAVE_NEWLOCALE 1
| #define HAVE_FREELOCALE 1
| /* end confdefs.h.  */
| 
| /* Override any GCC internal prototype to avoid an error.
|    Use char because int might match the return type of a GCC
|    builtin and then its argument prototype would still apply.  */
| #ifdef __cplusplus
| extern "C"
| #endif
| char sqrt ();
| int
| main ()
| {
| return sqrt ();
|   ;
|   return 0;
| }
configure:6431: gcc -o conftest -g -O2 -pipe -ffast-math -Wall -flto -Wno-unused-parameter -Wno-maybe-uninitialized -Wno-clobbered -Wempty-body -Wint-conversion -Wno-switch -Wno-missing-field-initializers -Wshadow -fno-strict-aliasing  -DMAXCONN=16384 -I../common -DHAS_TLS -DHAVE_SETRLIMIT -DHAVE_STRNLEN  -I/usr/include  -flto -L/usr/lib conftest.c -lm  -lz  >&5
conftest.c:34:6: warning: conflicting types for built-in function 'sqrt'; expected 'double(double)' [-Wbuiltin-declaration-mismatch]
   34 | char sqrt ();
      |      ^~~~
conftest.c:1:1: note: 'sqrt' is declared in header '<math.h>'
    1 | /* confdefs.h */
configure:6431: $? = 0
configure:6448: result: -lm
configure:6463: checking for library containing clock_gettime
configure:6494: gcc -o conftest -g -O2 -pipe -ffast-math -Wall -flto -Wno-unused-parameter -Wno-maybe-uninitialized -Wno-clobbered -Wempty-body -Wint-conversion -Wno-switch -Wno-missing-field-initializers -Wshadow -fno-strict-aliasing  -DMAXCONN=16384 -I../common -DHAS_TLS -DHAVE_SETRLIMIT -DHAVE_STRNLEN  -I/usr/include  -flto -L/usr/lib conftest.c -lm -lz  >&5
configure:6494: $? = 0
configure:6511: result: none required
configure:6530: checking whether CLOCK_MONOTONIC is supported and works
configure:6553: gcc -o conftest -g -O2 -pipe -ffast-math -Wall -flto -Wno-unused-parameter -Wno-maybe-uninitialized -Wno-clobbered -Wempty-body -Wint-conversion -Wno-switch -Wno-missing-field-initializers -Wshadow -fno-strict-aliasing  -DMAXCONN=16384 -I../common -DHAS_TLS -DHAVE_SETRLIMIT -DHAVE_STRNLEN  -I/usr/include  -flto -L/usr/lib conftest.c -lm -lz  >&5
configure:6553: $? = 0
configure:6553: ./conftest
configure:6553: $? = 0
configure:6555: result: yes
configure:6577: checking for library containing pthread_create
configure:6608: gcc -o conftest -g -O2 -pipe -ffast-math -Wall -flto -Wno-unused-parameter -Wno-maybe-uninitialized -Wno-clobbered -Wempty-body -Wint-conversion -Wno-switch -Wno-missing-field-initializers -Wshadow -fno-strict-aliasing  -DMAXCONN=16384 -I../common -DHAS_TLS -DHAVE_SETRLIMIT -DHAVE_STRNLEN  -I/usr/include -DHAVE_MONOTONIC_CLOCK  -flto -L/usr/lib conftest.c -lm -lz  >&5
/usr/bin/ld: /tmp/conftest.FEi9eS.ltrans0.ltrans.o: in function `main':
/mnt/c/Users/wallison/Saved Games/iniciando/Serve-Cliente/RoBrowserServeDockerCompose/serve/emulador/conftest.c:38: undefined reference to `pthread_create'
collect2: error: ld returned 1 exit status
configure:6608: $? = 1
configure: failed program was:
| /* confdefs.h */
| #define PACKAGE_NAME ""
| #define PACKAGE_TARNAME ""
| #define PACKAGE_VERSION ""
| #define PACKAGE_STRING ""
| #define PACKAGE_BUGREPORT ""
| #define PACKAGE_URL ""
| #define STDC_HEADERS 1
| #define HAVE_SYS_TYPES_H 1
| #define HAVE_SYS_STAT_H 1
| #define HAVE_STDLIB_H 1
| #define HAVE_STRING_H 1
| #define HAVE_MEMORY_H 1
| #define HAVE_STRINGS_H 1
| #define HAVE_INTTYPES_H 1
| #define HAVE_STDINT_H 1
| #define HAVE_UNISTD_H 1
| #define __EXTENSIONS__ 1
| #define _ALL_SOURCE 1
| #define _GNU_SOURCE 1
| #define _POSIX_PTHREAD_SEMANTICS 1
| #define _TANDEM_SOURCE 1
| #define HAVE_USELOCALE 1
| #define HAVE_NEWLOCALE 1
| #define HAVE_FREELOCALE 1
| /* end confdefs.h.  */
| 
| /* Override any GCC internal prototype to avoid an error.
|    Use char because int might match the return type of a GCC
|    builtin and then its argument prototype would still apply.  */
| #ifdef __cplusplus
| extern "C"
| #endif
| char pthread_create ();
| int
| main ()
| {
| return pthread_create ();
|   ;
|   return 0;
| }
configure:6608: gcc -o conftest -g -O2 -pipe -ffast-math -Wall -flto -Wno-unused-parameter -Wno-maybe-uninitialized -Wno-clobbered -Wempty-body -Wint-conversion -Wno-switch -Wno-missing-field-initializers -Wshadow -fno-strict-aliasing  -DMAXCONN=16384 -I../common -DHAS_TLS -DHAVE_SETRLIMIT -DHAVE_STRNLEN  -I/usr/include -DHAVE_MONOTONIC_CLOCK  -flto -L/usr/lib conftest.c -lpthread  -lm -lz  >&5
configure:6608: $? = 0
configure:6625: result: -lpthread
configure:6635: checking for library containing pthread_sigmask
configure:6666: gcc -o conftest -g -O2 -pipe -ffast-math -Wall -flto -Wno-unused-parameter -Wno-maybe-uninitialized -Wno-clobbered -Wempty-body -Wint-conversion -Wno-switch -Wno-missing-field-initializers -Wshadow -fno-strict-aliasing  -DMAXCONN=16384 -I../common -DHAS_TLS -DHAVE_SETRLIMIT -DHAVE_STRNLEN  -I/usr/include -DHAVE_MONOTONIC_CLOCK  -flto -L/usr/lib conftest.c -lpthread -lm -lz  >&5
configure:6666: $? = 0
configure:6683: result: none required
configure:6693: checking for library containing pthread_attr_init
configure:6724: gcc -o conftest -g -O2 -pipe -ffast-math -Wall -flto -Wno-unused-parameter -Wno-maybe-uninitialized -Wno-clobbered -Wempty-body -Wint-conversion -Wno-switch -Wno-missing-field-initializers -Wshadow -fno-strict-aliasing  -DMAXCONN=16384 -I../common -DHAS_TLS -DHAVE_SETRLIMIT -DHAVE_STRNLEN  -I/usr/include -DHAVE_MONOTONIC_CLOCK  -flto -L/usr/lib conftest.c -lpthread -lm -lz  >&5
configure:6724: $? = 0
configure:6741: result: none required
configure:6751: checking for library containing pthread_attr_setstacksize
configure:6782: gcc -o conftest -g -O2 -pipe -ffast-math -Wall -flto -Wno-unused-parameter -Wno-maybe-uninitialized -Wno-clobbered -Wempty-body -Wint-conversion -Wno-switch -Wno-missing-field-initializers -Wshadow -fno-strict-aliasing  -DMAXCONN=16384 -I../common -DHAS_TLS -DHAVE_SETRLIMIT -DHAVE_STRNLEN  -I/usr/include -DHAVE_MONOTONIC_CLOCK  -flto -L/usr/lib conftest.c -lpthread -lm -lz  >&5
configure:6782: $? = 0
configure:6799: result: none required
configure:6809: checking for library containing pthread_attr_destroy
configure:6840: gcc -o conftest -g -O2 -pipe -ffast-math -Wall -flto -Wno-unused-parameter -Wno-maybe-uninitialized -Wno-clobbered -Wempty-body -Wint-conversion -Wno-switch -Wno-missing-field-initializers -Wshadow -fno-strict-aliasing  -DMAXCONN=16384 -I../common -DHAS_TLS -DHAVE_SETRLIMIT -DHAVE_STRNLEN  -I/usr/include -DHAVE_MONOTONIC_CLOCK  -flto -L/usr/lib conftest.c -lpthread -lm -lz  >&5
configure:6840: $? = 0
configure:6857: result: none required
configure:6867: checking for library containing pthread_cancel
configure:6898: gcc -o conftest -g -O2 -pipe -ffast-math -Wall -flto -Wno-unused-parameter -Wno-maybe-uninitialized -Wno-clobbered -Wempty-body -Wint-conversion -Wno-switch -Wno-missing-field-initializers -Wshadow -fno-strict-aliasing  -DMAXCONN=16384 -I../common -DHAS_TLS -DHAVE_SETRLIMIT -DHAVE_STRNLEN  -I/usr/include -DHAVE_MONOTONIC_CLOCK  -flto -L/usr/lib conftest.c -lpthread -lm -lz  >&5
configure:6898: $? = 0
configure:6915: result: none required
configure:6925: checking for library containing pthread_join
configure:6956: gcc -o conftest -g -O2 -pipe -ffast-math -Wall -flto -Wno-unused-parameter -Wno-maybe-uninitialized -Wno-clobbered -Wempty-body -Wint-conversion -Wno-switch -Wno-missing-field-initializers -Wshadow -fno-strict-aliasing  -DMAXCONN=16384 -I../common -DHAS_TLS -DHAVE_SETRLIMIT -DHAVE_STRNLEN  -I/usr/include -DHAVE_MONOTONIC_CLOCK  -flto -L/usr/lib conftest.c -lpthread -lm -lz  >&5
configure:6956: $? = 0
configure:6973: result: none required
configure:6992: checking for mysql_config
configure:7023: result: no
configure:7047: checking for mysql_init in -lmysqlclient
configure:7072: gcc -o conftest -g -O2 -pipe -ffast-math -Wall -flto -Wno-unused-parameter -Wno-maybe-uninitialized -Wno-clobbered -Wempty-body -Wint-conversion -Wno-switch -Wno-missing-field-initializers -Wshadow -fno-strict-aliasing  -DMAXCONN=16384 -I../common -DHAS_TLS -DHAVE_SETRLIMIT -DHAVE_STRNLEN  -I/usr/include -DHAVE_MONOTONIC_CLOCK   -flto -L/usr/lib  conftest.c -lmysqlclient  -lpthread -lm -lz  >&5
/usr/bin/ld: cannot find -lmysqlclient
collect2: error: ld returned 1 exit status
configure:7072: $? = 1
configure: failed program was:
| /* confdefs.h */
| #define PACKAGE_NAME ""
| #define PACKAGE_TARNAME ""
| #define PACKAGE_VERSION ""
| #define PACKAGE_STRING ""
| #define PACKAGE_BUGREPORT ""
| #define PACKAGE_URL ""
| #define STDC_HEADERS 1
| #define HAVE_SYS_TYPES_H 1
| #define HAVE_SYS_STAT_H 1
| #define HAVE_STDLIB_H 1
| #define HAVE_STRING_H 1
| #define HAVE_MEMORY_H 1
| #define HAVE_STRINGS_H 1
| #define HAVE_INTTYPES_H 1
| #define HAVE_STDINT_H 1
| #define HAVE_UNISTD_H 1
| #define __EXTENSIONS__ 1
| #define _ALL_SOURCE 1
| #define _GNU_SOURCE 1
| #define _POSIX_PTHREAD_SEMANTICS 1
| #define _TANDEM_SOURCE 1
| #define HAVE_USELOCALE 1
| #define HAVE_NEWLOCALE 1
| #define HAVE_FREELOCALE 1
| /* end confdefs.h.  */
| 
| /* Override any GCC internal prototype to avoid an error.
|    Use char because int might match the return type of a GCC
|    builtin and then its argument prototype would still apply.  */
| #ifdef __cplusplus
| extern "C"
| #endif
| char mysql_init ();
| int
| main ()
| {
| return mysql_init ();
|   ;
|   return 0;
| }
configure:7081: result: no
configure:7087: checking mysql.h usability
configure:7087: gcc -c -g -O2 -pipe -ffast-math -Wall -flto -Wno-unused-parameter -Wno-maybe-uninitialized -Wno-clobbered -Wempty-body -Wint-conversion -Wno-switch -Wno-missing-field-initializers -Wshadow -fno-strict-aliasing  -DMAXCONN=16384 -I../common -DHAS_TLS -DHAVE_SETRLIMIT -DHAVE_STRNLEN  -I/usr/include -DHAVE_MONOTONIC_CLOCK  conftest.c >&5
conftest.c:60:10: fatal error: mysql.h: No such file or directory
   60 | #include <mysql.h>
      |          ^~~~~~~~~
compilation terminated.
configure:7087: $? = 1
configure: failed program was:
| /* confdefs.h */
| #define PACKAGE_NAME ""
| #define PACKAGE_TARNAME ""
| #define PACKAGE_VERSION ""
| #define PACKAGE_STRING ""
| #define PACKAGE_BUGREPORT ""
| #define PACKAGE_URL ""
| #define STDC_HEADERS 1
| #define HAVE_SYS_TYPES_H 1
| #define HAVE_SYS_STAT_H 1
| #define HAVE_STDLIB_H 1
| #define HAVE_STRING_H 1
| #define HAVE_MEMORY_H 1
| #define HAVE_STRINGS_H 1
| #define HAVE_INTTYPES_H 1
| #define HAVE_STDINT_H 1
| #define HAVE_UNISTD_H 1
| #define __EXTENSIONS__ 1
| #define _ALL_SOURCE 1
| #define _GNU_SOURCE 1
| #define _POSIX_PTHREAD_SEMANTICS 1
| #define _TANDEM_SOURCE 1
| #define HAVE_USELOCALE 1
| #define HAVE_NEWLOCALE 1
| #define HAVE_FREELOCALE 1
| /* end confdefs.h.  */
| #include <stdio.h>
| #ifdef HAVE_SYS_TYPES_H
| # include <sys/types.h>
| #endif
| #ifdef HAVE_SYS_STAT_H
| # include <sys/stat.h>
| #endif
| #ifdef STDC_HEADERS
| # include <stdlib.h>
| # include <stddef.h>
| #else
| # ifdef HAVE_STDLIB_H
| #  include <stdlib.h>
| # endif
| #endif
| #ifdef HAVE_STRING_H
| # if !defined STDC_HEADERS && defined HAVE_MEMORY_H
| #  include <memory.h>
| # endif
| # include <string.h>
| #endif
| #ifdef HAVE_STRINGS_H
| # include <strings.h>
| #endif
| #ifdef HAVE_INTTYPES_H
| # include <inttypes.h>
| #endif
| #ifdef HAVE_STDINT_H
| # include <stdint.h>
| #endif
| #ifdef HAVE_UNISTD_H
| # include <unistd.h>
| #endif
| #include <mysql.h>
configure:7087: result: no
configure:7087: checking mysql.h presence
configure:7087: gcc -E  -DMAXCONN=16384 -I../common -DHAS_TLS -DHAVE_SETRLIMIT -DHAVE_STRNLEN  -I/usr/include -DHAVE_MONOTONIC_CLOCK  conftest.c
conftest.c:27:10: fatal error: mysql.h: No such file or directory
   27 | #include <mysql.h>
      |          ^~~~~~~~~
compilation terminated.
configure:7087: $? = 1
configure: failed program was:
| /* confdefs.h */
| #define PACKAGE_NAME ""
| #define PACKAGE_TARNAME ""
| #define PACKAGE_VERSION ""
| #define PACKAGE_STRING ""
| #define PACKAGE_BUGREPORT ""
| #define PACKAGE_URL ""
| #define STDC_HEADERS 1
| #define HAVE_SYS_TYPES_H 1
| #define HAVE_SYS_STAT_H 1
| #define HAVE_STDLIB_H 1
| #define HAVE_STRING_H 1
| #define HAVE_MEMORY_H 1
| #define HAVE_STRINGS_H 1
| #define HAVE_INTTYPES_H 1
| #define HAVE_STDINT_H 1
| #define HAVE_UNISTD_H 1
| #define __EXTENSIONS__ 1
| #define _ALL_SOURCE 1
| #define _GNU_SOURCE 1
| #define _POSIX_PTHREAD_SEMANTICS 1
| #define _TANDEM_SOURCE 1
| #define HAVE_USELOCALE 1
| #define HAVE_NEWLOCALE 1
| #define HAVE_FREELOCALE 1
| /* end confdefs.h.  */
| #include <mysql.h>
configure:7087: result: no
configure:7087: checking for mysql.h
configure:7087: result: no
configure:7098: checking MySQL library (required)
configure:7104: result: no
configure:7106: error: MySQL not found or incompatible

## ---------------- ##
## Cache variables. ##
## ---------------- ##

ac_cv_c_bigendian=no
ac_cv_c_compiler_gnu=yes
ac_cv_env_CC_set=
ac_cv_env_CC_value=
ac_cv_env_CFLAGS_set=
ac_cv_env_CFLAGS_value=
ac_cv_env_CPPFLAGS_set=
ac_cv_env_CPPFLAGS_value=
ac_cv_env_CPP_set=
ac_cv_env_CPP_value=
ac_cv_env_LDFLAGS_set=
ac_cv_env_LDFLAGS_value=
ac_cv_env_LIBS_set=
ac_cv_env_LIBS_value=
ac_cv_env_build_alias_set=
ac_cv_env_build_alias_value=
ac_cv_env_host_alias_set=
ac_cv_env_host_alias_value=
ac_cv_env_target_alias_set=
ac_cv_env_target_alias_value=
ac_cv_func_freelocale=yes
ac_cv_func_newlocale=yes
ac_cv_func_setrlimit=yes
ac_cv_func_strnlen=yes
ac_cv_func_uselocale=yes
ac_cv_header_inttypes_h=yes
ac_cv_header_memory_h=yes
ac_cv_header_minix_config_h=no
ac_cv_header_mysql_h=no
ac_cv_header_stdc=yes
ac_cv_header_stdint_h=yes
ac_cv_header_stdlib_h=yes
ac_cv_header_string_h=yes
ac_cv_header_strings_h=yes
ac_cv_header_sys_stat_h=yes
ac_cv_header_sys_types_h=yes
ac_cv_header_unistd_h=yes
ac_cv_header_xlocale_h=no
ac_cv_header_zlib_h=yes
ac_cv_lib_mysqlclient_mysql_init=no
ac_cv_objext=o
ac_cv_path_AR=/usr/bin/ar
ac_cv_path_EGREP='/usr/bin/grep -E'
ac_cv_path_GREP=/usr/bin/grep
ac_cv_path_MYSQL_CONFIG_HOME=no
ac_cv_prog_CPP='gcc -E'
ac_cv_prog_ac_ct_CC=gcc
ac_cv_prog_cc_c89=
ac_cv_prog_cc_g=yes
ac_cv_prog_make_make_set=yes
ac_cv_safe_to_define___extensions__=yes
ac_cv_search_clock_gettime='none required'
ac_cv_search_inflateEnd=-lz
ac_cv_search_pthread_attr_destroy='none required'
ac_cv_search_pthread_attr_init='none required'
ac_cv_search_pthread_attr_setstacksize='none required'
ac_cv_search_pthread_cancel='none required'
ac_cv_search_pthread_create=-lpthread
ac_cv_search_pthread_join='none required'
ac_cv_search_pthread_sigmask='none required'
ac_cv_search_sqrt=-lm

## ----------------- ##
## Output variables. ##
## ----------------- ##

AR='/usr/bin/ar'
CC='gcc'
CFLAGS='-g -O2 -pipe -ffast-math -Wall -flto -Wno-unused-parameter -Wno-maybe-uninitialized -Wno-clobbered -Wempty-body -Wint-conversion -Wno-switch -Wno-missing-field-initializers -Wshadow -fno-strict-aliasing'
CPP='gcc -E'
CPPFLAGS=' -DMAXCONN=16384 -I../common -DHAS_TLS -DHAVE_SETRLIMIT -DHAVE_STRNLEN  -I/usr/include -DHAVE_MONOTONIC_CLOCK'
DEFS=''
DLLEXT=''
ECHO_C=''
ECHO_N='-n'
ECHO_T=''
EGREP='/usr/bin/grep -E'
EXEEXT=''
GREP='/usr/bin/grep'
HAVE_MYSQL=''
HAVE_PCRE=''
LDFLAGS=' -flto -L/usr/lib'
LIBOBJS=''
LIBS='-lpthread -lm -lz '
LTLIBOBJS=''
MYSQL_CFLAGS=''
MYSQL_CONFIG_HOME='no'
MYSQL_LIBS=''
MYSQL_VERSION='unknown'
OBJEXT='o'
OCHR='char-server'
OLOG='login-server'
OMAP='map-server'
PACKAGE_BUGREPORT=''
PACKAGE_NAME=''
PACKAGE_STRING=''
PACKAGE_TARNAME=''
PACKAGE_URL=''
PACKAGE_VERSION=''
PATH_SEPARATOR=':'
PCRE_CFLAGS=''
PCRE_LIBS=''
PCRE_VERSION=''
SET_MAKE=''
SHELL='/bin/bash'
SOFLAGS=' -shared -Wl,--no-undefined'
WITH_PLUGINS='yes'
ac_ct_CC='gcc'
bindir='${exec_prefix}/bin'
build_alias=''
datadir='${datarootdir}'
datarootdir='${prefix}/share'
docdir='${datarootdir}/doc/${PACKAGE}'
dvidir='${docdir}'
exec_prefix='NONE'
host_alias=''
htmldir='${docdir}'
includedir='${prefix}/include'
infodir='${datarootdir}/info'
libdir='${exec_prefix}/lib'
libexecdir='${exec_prefix}/libexec'
localedir='${datarootdir}/locale'
localstatedir='${prefix}/var'
mandir='${datarootdir}/man'
oldincludedir='/usr/include'
pdfdir='${docdir}'
prefix='NONE'
program_transform_name='s,x,x,'
psdir='${docdir}'
sbindir='${exec_prefix}/sbin'
sharedstatedir='${prefix}/com'
sysconfdir='${prefix}/etc'
target_alias=''

## ----------- ##
## confdefs.h. ##
## ----------- ##

/* confdefs.h */
#define PACKAGE_NAME ""
#define PACKAGE_TARNAME ""
#define PACKAGE_VERSION ""
#define PACKAGE_STRING ""
#define PACKAGE_BUGREPORT ""
#define PACKAGE_URL ""
#define STDC_HEADERS 1
#define HAVE_SYS_TYPES_H 1
#define HAVE_SYS_STAT_H 1
#define HAVE_STDLIB_H 1
#define HAVE_STRING_H 1
#define HAVE_MEMORY_H 1
#define HAVE_STRINGS_H 1
#define HAVE_INTTYPES_H 1
#define HAVE_STDINT_H 1
#define HAVE_UNISTD_H 1
#define __EXTENSIONS__ 1
#define _ALL_SOURCE 1
#define _GNU_SOURCE 1
#define _POSIX_PTHREAD_SEMANTICS 1
#define _TANDEM_SOURCE 1
#define HAVE_USELOCALE 1
#define HAVE_NEWLOCALE 1
#define HAVE_FREELOCALE 1

configure: exit 1
